<?xml version="1.0" encoding="UTF-8"?>
<!-- Generated by org.testng.reporters.JUnitReportReporter -->
<testsuite hostname="DESKTOP-DTAJN93" failures="0" tests="5" name="com.functional.tests.Login" time="66.523" errors="0" timestamp="8 Feb 2021 08:36:09 GMT">
  <testcase classname="com.functional.tests.Login" name="logintoApplication" time="17.606"/>
  <testcase classname="com.functional.tests.Login" name="negativeLoginTest" time="11.218"/>
  <testcase classname="com.functional.tests.Login" name="negativeLoginTest" time="11.681"/>
  <testcase classname="com.functional.tests.Login" name="negativeLoginTest" time="12.997"/>
  <testcase classname="com.functional.tests.Login" name="negativeLoginTest" time="13.021"/>
</testsuite> <!-- com.functional.tests.Login -->
